<?xml version="1.0" encoding="UTF-8"?>
<!-- Generated by org.testng.reporters.JUnitReportReporter -->
<testsuite skipped="0" hostname="DESKTOP-5O550SC" name="com.AutomationTalks.demoProject1.TestClass1" tests="3" failures="0" timestamp="14 Nov 2019 23:21:23 GMT" time="176.990" errors="0">
  <testcase name="Test2" time="42.414" classname="com.AutomationTalks.demoProject1.TestClass1"/>
  <testcase name="Test3" time="88.619" classname="com.AutomationTalks.demoProject1.TestClass1"/>
  <testcase name="Test1" time="45.957" classname="com.AutomationTalks.demoProject1.TestClass1"/>
</testsuite> <!-- com.AutomationTalks.demoProject1.TestClass1 -->
